◇ injected env (2) from .env // tip: ◈ encrypted .env [www.dotenvx.com]
MongoDB Connected
Database: test
Server is running on port 5060
[auth-debug] app parsed req.body: {
  method: 'POST',
  path: '/user/signup',
  contentType: 'application/json',
  body: {
    name: 'Proxy Test',
    email: 'proxy-test-3001@abc.com',
    password: '[provided]'
  }
}
[auth-debug] controller createUser inputs: {
  body: {
    name: 'Proxy Test',
    email: 'proxy-test-3001@abc.com',
    password: '[provided]'
  },
  params: [Object: null prototype] {},
  query: [Object: null prototype] {}
}
[auth-debug] service createUser input: {
  name: 'Proxy Test',
  email: 'proxy-test-3001@abc.com',
  password: '[provided]'
}
[auth-debug] service model input: {
  name: 'Proxy Test',
  email: 'proxy-test-3001@abc.com',
  password: '[provided]',
  role: 'customer'
}
